SF:lib\src\operation_result_base.dart
DA:40,20
DA:43,15
DA:46,40
DA:49,20
DA:52,15
DA:55,10
DA:58,5
DA:59,5
DA:61,5
DA:64,5
DA:65,5
DA:66,15
DA:71,5
DA:74,5
DA:75,25
DA:76,5
DA:77,2
DA:82,5
DA:83,5
DA:84,20
DA:86,15
DA:110,1
DA:114,1
DA:117,1
DA:120,3
DA:121,1
DA:124,1
DA:126,1
DA:129,3
DA:132,2
DA:133,1
DA:136,1
DA:138,2
DA:141,3
DA:142,1
DA:143,2
DA:146,1
DA:169,1
DA:173,1
DA:176,1
DA:179,3
DA:180,1
DA:183,1
DA:185,1
DA:188,3
DA:191,2
DA:192,1
DA:195,1
DA:197,2
DA:200,3
DA:201,1
DA:202,2
DA:205,1
DA:211,1
DA:213,1
DA:216,1
DA:219,3
DA:220,1
DA:223,1
DA:225,1
DA:228,3
DA:231,2
DA:232,1
DA:235,1
DA:237,2
DA:240,3
DA:241,1
DA:242,2
DA:245,1
DA:248,1
DA:251,1
DA:254,1
DA:257,3
DA:258,1
DA:261,1
DA:263,1
DA:266,3
DA:269,2
DA:270,1
DA:273,1
DA:275,2
DA:278,3
DA:279,1
DA:280,2
DA:283,1
DA:286,1
DA:289,1
DA:292,1
DA:295,3
DA:296,1
DA:299,1
DA:301,1
DA:304,3
DA:307,2
DA:308,1
DA:311,1
DA:313,2
DA:316,3
DA:317,1
DA:318,2
DA:321,1
DA:324,1
DA:332,1
DA:335,1
DA:338,3
DA:339,1
DA:342,1
DA:344,1
DA:347,3
DA:350,2
DA:351,1
DA:354,1
DA:356,2
DA:359,3
DA:360,1
DA:361,2
DA:364,1
DA:374,5
DA:378,2
DA:380,2
DA:385,1
DA:387,2
DA:392,1
DA:394,3
DA:400,1
DA:402,4
DA:408,1
DA:410,5
DA:416,1
DA:418,1
DA:419,1
DA:420,1
DA:421,1
DA:422,1
DA:423,1
DA:429,1
DA:430,2
DA:433,1
DA:434,2
DA:437,1
DA:438,2
DA:441,1
DA:443,2
DA:446,1
DA:448,2
DA:451,1
DA:453,2
DA:456,2
DA:457,6
DA:460,1
DA:461,2
DA:464,1
DA:465,3
DA:468,1
DA:469,2
DA:472,1
DA:473,3
DA:476,1
DA:478,2
DA:481,1
DA:483,3
DA:486,1
DA:488,2
DA:491,1
DA:494,3
DA:497,1
DA:500,2
DA:503,1
DA:505,3
DA:508,1
DA:510,2
LF:171
LH:171
end_of_record
