SF:lib\src\operation_result_base.dart
DA:26,20
DA:29,15
DA:32,40
DA:35,20
DA:38,15
DA:41,10
DA:44,5
DA:45,5
DA:47,5
DA:50,5
DA:51,5
DA:52,15
DA:57,5
DA:60,5
DA:61,25
DA:62,5
DA:63,2
DA:68,5
DA:69,5
DA:70,20
DA:72,15
DA:96,1
DA:100,1
DA:103,1
DA:106,3
DA:107,1
DA:110,1
DA:112,1
DA:115,3
DA:118,2
DA:119,1
DA:122,1
DA:124,2
DA:127,3
DA:128,1
DA:129,2
DA:132,1
DA:155,1
DA:159,1
DA:162,1
DA:165,3
DA:166,1
DA:169,1
DA:171,1
DA:174,3
DA:177,2
DA:178,1
DA:181,1
DA:183,2
DA:186,3
DA:187,1
DA:188,2
DA:191,1
DA:197,1
DA:199,1
DA:202,1
DA:205,3
DA:206,1
DA:209,1
DA:211,1
DA:214,3
DA:217,2
DA:218,1
DA:221,1
DA:223,2
DA:226,3
DA:227,1
DA:228,2
DA:231,1
DA:234,1
DA:237,1
DA:240,1
DA:243,3
DA:244,1
DA:247,1
DA:249,1
DA:252,3
DA:255,2
DA:256,1
DA:259,1
DA:261,2
DA:264,3
DA:265,1
DA:266,2
DA:269,1
DA:272,1
DA:275,1
DA:278,1
DA:281,3
DA:282,1
DA:285,1
DA:287,1
DA:290,3
DA:293,2
DA:294,1
DA:297,1
DA:299,2
DA:302,3
DA:303,1
DA:304,2
DA:307,1
DA:310,1
DA:318,1
DA:321,1
DA:324,3
DA:325,1
DA:328,1
DA:330,1
DA:333,3
DA:336,2
DA:337,1
DA:340,1
DA:342,2
DA:345,3
DA:346,1
DA:347,2
DA:350,1
DA:360,5
DA:364,2
DA:366,2
DA:371,1
DA:373,2
DA:378,1
DA:380,3
DA:386,1
DA:388,4
DA:394,1
DA:396,5
DA:402,1
DA:404,1
DA:405,1
DA:406,1
DA:407,1
DA:408,1
DA:409,1
DA:415,1
DA:416,2
DA:419,1
DA:420,2
DA:423,1
DA:424,2
DA:427,1
DA:429,2
DA:432,1
DA:434,2
DA:437,1
DA:439,2
DA:442,2
DA:443,6
DA:446,1
DA:447,2
DA:450,1
DA:451,3
DA:454,1
DA:455,2
DA:458,1
DA:459,3
DA:462,1
DA:464,2
DA:467,1
DA:469,3
DA:472,1
DA:474,2
DA:477,1
DA:480,3
DA:483,1
DA:486,2
DA:489,1
DA:491,3
DA:494,1
DA:496,2
LF:171
LH:171
end_of_record
